2022-03-05 22:55:42:5542 [31merror[39m: [31mUnable to connect to MySQL.[39m
2022-03-05 23:08:26:826 [31merror[39m: [31mUnable to connect to MySQL.[39m
2022-03-05 23:26:25:2625 [31merror[39m: [31mUnable to connect to MySQL.[39m
2022-03-05 23:56:53:5653 [31merror[39m: [31mUnable to connect to MySQL.[39m
2022-03-05 23:57:23:5723 [31merror[39m: [31mUnable to connect to MySQL.[39m
2022-03-05 23:59:40:5940 [32minfo[39m: [32mSuccessfully connected to database[39m
2022-03-05 23:59:40:5940 [32minfo[39m: [32mListening on port: 3000[39m
2022-03-07 19:03:22:322 [31merror[39m: [31mUnable to connect to MySQL.[39m
2022-03-07 19:07:04:74 [32minfo[39m: [32mSuccessfully connected to database[39m
2022-03-07 19:07:04:74 [32minfo[39m: [32mListening on port: 3000[39m
2022-03-07 19:08:02:82 [35mhttp[39m: [35mGET all users[39m
2022-03-07 19:08:02:82 [32minfo[39m: [32mGetting all users from the database[39m
2022-03-07 19:11:58:1158 [32minfo[39m: [32mSuccessfully connected to database[39m
2022-03-07 19:11:58:1158 [32minfo[39m: [32mListening on port: 3000[39m
2022-03-07 19:11:58:1158 [35mhttp[39m: [35mGET single user id: 1[39m
2022-03-07 19:11:58:1158 [32minfo[39m: [32mGetting user 1 from the database[39m
2022-03-07 19:12:00:120 [35mhttp[39m: [35mGET single user id: 5[39m
2022-03-07 19:12:00:120 [32minfo[39m: [32mGetting user 5 from the database[39m
2022-03-07 19:59:07:597 [32minfo[39m: [32mSuccessfully connected to database[39m
2022-03-07 19:59:07:597 [32minfo[39m: [32mListening on port: 3000[39m
2022-03-07 20:00:19:019 [35mhttp[39m: [35mGET all users[39m
2022-03-07 20:00:19:019 [32minfo[39m: [32mGetting all users from the database[39m
2022-03-07 20:01:00:10 [35mhttp[39m: [35mPUT - update user id: 1[39m
2022-03-07 20:01:00:10 [32minfo[39m: [32mGetting user 1 from the database[39m
2022-03-07 20:03:06:36 [32minfo[39m: [32mSuccessfully connected to database[39m
2022-03-07 20:03:06:36 [32minfo[39m: [32mListening on port: 3000[39m
2022-03-07 20:03:09:39 [35mhttp[39m: [35mGET single user id: 1[39m
2022-03-07 20:03:09:39 [32minfo[39m: [32mGetting user 1 from the database[39m
2022-03-07 20:03:13:313 [35mhttp[39m: [35mPUT - update user id: 1[39m
2022-03-07 20:03:13:313 [32minfo[39m: [32mGetting user 1 from the database[39m
2022-03-07 20:05:16:516 [32minfo[39m: [32mSuccessfully connected to database[39m
2022-03-07 20:05:16:516 [32minfo[39m: [32mListening on port: 3000[39m
2022-03-07 20:05:19:519 [35mhttp[39m: [35mGET single user id: 1[39m
2022-03-07 20:05:19:519 [32minfo[39m: [32mGetting user 1 from the database[39m
2022-03-07 20:05:26:526 [35mhttp[39m: [35mPUT - update user id: 1[39m
2022-03-07 20:05:26:526 [32minfo[39m: [32mAlter User 1 in the database[39m
2022-03-07 20:06:49:649 [32minfo[39m: [32mSuccessfully connected to database[39m
2022-03-07 20:06:49:649 [32minfo[39m: [32mListening on port: 3000[39m
2022-03-07 20:06:51:651 [35mhttp[39m: [35mGET single user id: 1[39m
2022-03-07 20:06:51:651 [32minfo[39m: [32mGetting user 1 from the database[39m
2022-03-07 20:06:55:655 [35mhttp[39m: [35mPUT - update user id: 1[39m
2022-03-07 20:06:55:655 [32minfo[39m: [32mAlter User 1 in the database[39m
2022-03-07 20:06:55:655 [32minfo[39m: [32mbefore__Q[39m
2022-03-07 20:14:09:149 [32minfo[39m: [32mSuccessfully connected to database[39m
2022-03-07 20:14:09:149 [32minfo[39m: [32mListening on port: 3000[39m
2022-03-07 20:14:21:1421 [35mhttp[39m: [35mGET single user id: 1[39m
2022-03-07 20:14:21:1421 [32minfo[39m: [32mGetting user 1 from the database[39m
2022-03-07 20:14:24:1424 [35mhttp[39m: [35mPUT - update user id: 1[39m
2022-03-07 20:14:24:1424 [32minfo[39m: [32mAlter User 1 in the database[39m
2022-03-07 20:14:24:1424 [32minfo[39m: [32mbefore__Q[39m
2022-03-07 20:14:45:1445 [32minfo[39m: [32mSuccessfully connected to database[39m
2022-03-07 20:14:46:1446 [32minfo[39m: [32mListening on port: 3000[39m
2022-03-07 20:14:59:1459 [35mhttp[39m: [35mPUT - update user id: 1[39m
2022-03-07 20:14:59:1459 [32minfo[39m: [32mAlter User 1 in the database[39m
2022-03-07 20:14:59:1459 [32minfo[39m: [32mbefore__Q[39m
2022-03-07 20:15:00:150 [35mhttp[39m: [35mPUT - update user id: 1[39m
2022-03-07 20:15:00:150 [32minfo[39m: [32mAlter User 1 in the database[39m
2022-03-07 20:15:00:150 [32minfo[39m: [32mbefore__Q[39m
2022-03-07 20:15:38:1538 [32minfo[39m: [32mSuccessfully connected to database[39m
2022-03-07 20:15:38:1538 [32minfo[39m: [32mListening on port: 3000[39m
2022-03-07 20:15:40:1540 [35mhttp[39m: [35mPUT - update user id: 1[39m
2022-03-07 20:15:40:1540 [32minfo[39m: [32mAlter User 1 in the database[39m
2022-03-07 20:15:40:1540 [32minfo[39m: [32mbefore__Q[39m
2022-03-07 20:18:46:1846 [32minfo[39m: [32mSuccessfully connected to database[39m
2022-03-07 20:18:46:1846 [32minfo[39m: [32mListening on port: 3000[39m
2022-03-07 20:18:48:1848 [35mhttp[39m: [35mGET single user id: 1[39m
2022-03-07 20:18:48:1848 [32minfo[39m: [32mGetting user 1 from the database[39m
2022-03-07 20:18:52:1852 [35mhttp[39m: [35mPUT - update user id: 1[39m
2022-03-07 20:18:52:1852 [32minfo[39m: [32mAlter User 1 in the database[39m
2022-03-07 20:18:52:1852 [32minfo[39m: [32mbefore__Q[39m
2022-03-07 20:20:07:207 [32minfo[39m: [32mSuccessfully connected to database[39m
2022-03-07 20:20:07:207 [32minfo[39m: [32mListening on port: 3000[39m
2022-03-07 20:20:16:2016 [35mhttp[39m: [35mPUT - update user id: 1[39m
2022-03-07 20:20:16:2016 [32minfo[39m: [32mAlter User 1 in the database[39m
2022-03-07 20:20:16:2016 [32minfo[39m: [32mbefore__Q[39m
2022-03-07 20:21:09:219 [32minfo[39m: [32mSuccessfully connected to database[39m
2022-03-07 20:21:09:219 [32minfo[39m: [32mListening on port: 3000[39m
2022-03-07 20:21:18:2118 [35mhttp[39m: [35mPUT - update user id: 1[39m
2022-03-07 20:21:18:2118 [32minfo[39m: [32mAlter User 1 in the database[39m
2022-03-07 20:21:18:2118 [32minfo[39m: [32mbefore__Q[39m
2022-03-07 20:21:18:2118 [32minfo[39m: [32mupdate lab2_users set username = undefined where user_id = 1[39m
2022-03-07 20:22:44:2244 [32minfo[39m: [32mSuccessfully connected to database[39m
2022-03-07 20:22:44:2244 [32minfo[39m: [32mListening on port: 3000[39m
2022-03-07 20:22:50:2250 [35mhttp[39m: [35mPUT - update user id: 1[39m
2022-03-07 20:22:50:2250 [32minfo[39m: [32mAlter User 1 in the database[39m
2022-03-07 20:22:51:2251 [32minfo[39m: [32mbefore__Q[39m
2022-03-07 20:22:51:2251 [32minfo[39m: [32mupdate lab2_users set username = Zahid Khan where user_id = 1[39m
2022-03-07 20:24:55:2455 [32minfo[39m: [32mSuccessfully connected to database[39m
2022-03-07 20:24:55:2455 [32minfo[39m: [32mListening on port: 3000[39m
2022-03-07 20:24:58:2458 [35mhttp[39m: [35mPUT - update user id: 1[39m
2022-03-07 20:24:58:2458 [32minfo[39m: [32mAlter User 1 in the database[39m
2022-03-07 20:24:58:2458 [32minfo[39m: [32mbefore__Q[39m
2022-03-07 20:24:58:2458 [32minfo[39m: [32mupdate lab2_users set (username) = ? where user_id = 1[39m
2022-03-07 20:25:34:2534 [32minfo[39m: [32mSuccessfully connected to database[39m
2022-03-07 20:25:34:2534 [32minfo[39m: [32mListening on port: 3000[39m
2022-03-07 20:25:38:2538 [35mhttp[39m: [35mPUT - update user id: 1[39m
2022-03-07 20:25:38:2538 [32minfo[39m: [32mAlter User 1 in the database[39m
2022-03-07 20:25:38:2538 [32minfo[39m: [32mbefore__Q[39m
2022-03-07 20:25:38:2538 [32minfo[39m: [32mupdate lab2_users set username = ? where user_id = 1[39m
2022-03-07 20:25:38:2538 [32minfo[39m: [32mAfter__Q[39m
2022-03-07 20:25:49:2549 [35mhttp[39m: [35mGET single user id: 1[39m
2022-03-07 20:25:49:2549 [32minfo[39m: [32mGetting user 1 from the database[39m
2022-03-07 20:35:39:3539 [32minfo[39m: [32mSuccessfully connected to database[39m
2022-03-07 20:35:39:3539 [32minfo[39m: [32mListening on port: 3000[39m
2022-03-07 20:35:46:3546 [35mhttp[39m: [35mGET single user id: 1[39m
2022-03-07 20:35:46:3546 [32minfo[39m: [32mGetting user 1 from the database[39m
2022-03-07 20:35:50:3550 [35mhttp[39m: [35mDELETE - Delete the user with ID = 1[39m
2022-03-07 20:35:50:3550 [32minfo[39m: [32mDelete user where id = 1[39m
2022-03-07 20:39:52:3952 [32minfo[39m: [32mSuccessfully connected to database[39m
2022-03-07 20:39:52:3952 [32minfo[39m: [32mListening on port: 3000[39m
2022-03-07 20:40:04:404 [35mhttp[39m: [35mGET single user id: 1[39m
2022-03-07 20:40:04:404 [32minfo[39m: [32mGetting user 1 from the database[39m
2022-03-07 20:40:17:4017 [35mhttp[39m: [35mGET single user id: 1[39m
2022-03-07 20:40:17:4017 [32minfo[39m: [32mGetting user 1 from the database[39m
2022-03-07 20:40:57:4057 [35mhttp[39m: [35mPOST create a user with username: Ted Yang[39m
2022-03-07 20:40:57:4057 [32minfo[39m: [32mAdding user Ted Yang to the database[39m
2022-03-07 20:41:03:413 [35mhttp[39m: [35mPOST create a user with username: Zahid Khan[39m
2022-03-07 20:41:03:413 [32minfo[39m: [32mAdding user Zahid Khan to the database[39m
2022-03-07 20:41:08:418 [35mhttp[39m: [35mGET all users[39m
2022-03-07 20:41:08:418 [32minfo[39m: [32mGetting all users from the database[39m
2022-03-07 20:41:21:4121 [35mhttp[39m: [35mDELETE - Delete the user with ID = 2[39m
2022-03-07 20:41:21:4121 [32minfo[39m: [32mDelete user where id = 2[39m
2022-03-07 20:41:30:4130 [35mhttp[39m: [35mGET single user id: 2[39m
2022-03-07 20:41:30:4130 [32minfo[39m: [32mGetting user 2 from the database[39m
2022-03-07 20:41:33:4133 [35mhttp[39m: [35mGET all users[39m
2022-03-07 20:41:33:4133 [32minfo[39m: [32mGetting all users from the database[39m
2022-04-22 21:40:05:405 [32minfo[39m: [32mSuccessfully connected to database[39m
2022-04-22 21:40:05:405 [32minfo[39m: [32mListening on port: 3000[39m
