2022-04-22 21:26:03:263 [31merror[39m: [31mUnable to connect to MySQL.[39m
2022-04-22 21:26:39:2639 [31merror[39m: [31mUnable to connect to MySQL.[39m
2022-04-22 21:26:52:2652 [31merror[39m: [31mUnable to connect to MySQL.[39m
2022-04-22 21:27:15:2715 [31merror[39m: [31mUnable to connect to MySQL.[39m
2022-04-22 21:31:40:3140 [31merror[39m: [31mUnable to connect to MySQL.[39m
2022-04-22 21:33:05:335 [31merror[39m: [31mUnable to connect to MySQL.[39m
2022-04-22 21:33:21:3321 [31merror[39m: [31mUnable to connect to MySQL.[39m
2022-04-22 21:35:13:3513 [31merror[39m: [31mUnable to connect to MySQL.[39m
2022-04-22 21:36:01:361 [31merror[39m: [31mUnable to connect to MySQL.[39m
2022-04-22 21:37:18:3718 [31merror[39m: [31mUnable to connect to MySQL.[39m
2022-04-22 21:37:42:3742 [31merror[39m: [31mUnable to connect to MySQL.[39m
2022-04-22 21:40:56:4056 [32minfo[39m: [32mSuccessfully connected to database[39m
2022-04-22 21:40:56:4056 [32minfo[39m: [32mListening on port: 3000[39m
2022-04-22 21:49:19:4919 [35mhttp[39m: [35mGET all users[39m
2022-04-22 21:49:19:4919 [32minfo[39m: [32mGetting all users from the database[39m
2022-04-22 21:49:48:4948 [35mhttp[39m: [35mGET all users[39m
2022-04-22 21:49:48:4948 [32minfo[39m: [32mGetting all users from the database[39m
2022-04-22 21:50:41:5041 [32minfo[39m: [32mSuccessfully connected to database[39m
2022-04-22 21:50:41:5041 [32minfo[39m: [32mListening on port: 3000[39m
2022-04-22 21:56:40:5640 [35mhttp[39m: [35mGET all users[39m
2022-04-22 21:56:40:5640 [32minfo[39m: [32mGetting all users from the database[39m
2022-04-22 21:56:50:5650 [35mhttp[39m: [35mGET all users[39m
2022-04-22 21:56:50:5650 [32minfo[39m: [32mGetting all users from the database[39m
2022-04-22 21:58:09:589 [35mhttp[39m: [35mGET all users[39m
2022-04-22 21:58:09:589 [32minfo[39m: [32mGetting all users from the database[39m
2022-04-22 21:58:23:5823 [35mhttp[39m: [35mGET all users[39m
2022-04-22 21:58:23:5823 [32minfo[39m: [32mGetting all users from the database[39m
2022-04-22 21:58:28:5828 [35mhttp[39m: [35mGET all users[39m
2022-04-22 21:58:28:5828 [32minfo[39m: [32mGetting all users from the database[39m
2022-04-22 21:58:32:5832 [35mhttp[39m: [35mGET all users[39m
2022-04-22 21:58:32:5832 [32minfo[39m: [32mGetting all users from the database[39m
2022-04-22 22:01:15:115 [35mhttp[39m: [35mGET all users[39m
2022-04-22 22:01:15:115 [32minfo[39m: [32mGetting all users from the database[39m
2022-04-22 22:03:30:330 [35mhttp[39m: [35mGET all users[39m
2022-04-22 22:03:30:330 [32minfo[39m: [32mGetting all users from the database[39m
2022-04-22 22:03:40:340 [35mhttp[39m: [35mGET all users[39m
2022-04-22 22:03:40:340 [32minfo[39m: [32mGetting all users from the database[39m
2022-04-22 22:03:50:350 [35mhttp[39m: [35mGET all users[39m
2022-04-22 22:03:50:350 [32minfo[39m: [32mGetting all users from the database[39m
2022-04-22 22:04:00:40 [35mhttp[39m: [35mGET all users[39m
2022-04-22 22:04:00:40 [32minfo[39m: [32mGetting all users from the database[39m
2022-04-22 22:07:16:716 [35mhttp[39m: [35mGET all users[39m
2022-04-22 22:07:16:716 [32minfo[39m: [32mGetting all users from the database[39m
2022-04-22 22:07:25:725 [35mhttp[39m: [35mGET all users[39m
2022-04-22 22:07:25:725 [32minfo[39m: [32mGetting all users from the database[39m
2022-04-22 22:08:56:856 [35mhttp[39m: [35mGET all users[39m
2022-04-22 22:08:56:856 [32minfo[39m: [32mGetting all users from the database[39m
2022-04-22 22:08:59:859 [35mhttp[39m: [35mGET all users[39m
2022-04-22 22:08:59:859 [32minfo[39m: [32mGetting all users from the database[39m
2022-04-22 22:09:16:916 [35mhttp[39m: [35mGET all users[39m
2022-04-22 22:09:16:916 [32minfo[39m: [32mGetting all users from the database[39m
2022-04-22 22:09:37:937 [35mhttp[39m: [35mGET all users[39m
2022-04-22 22:09:37:937 [32minfo[39m: [32mGetting all users from the database[39m
2022-04-22 22:20:27:2027 [35mhttp[39m: [35mGET all users[39m
2022-04-22 22:20:27:2027 [32minfo[39m: [32mGetting all users from the database[39m
2022-04-22 22:20:32:2032 [35mhttp[39m: [35mGET all users[39m
2022-04-22 22:20:32:2032 [32minfo[39m: [32mGetting all users from the database[39m
2022-04-22 22:21:26:2126 [31merror[39m: [31mUnable to connect to MySQL.[39m
2022-04-22 22:22:50:2250 [32minfo[39m: [32mSuccessfully connected to database[39m
2022-04-22 22:22:50:2250 [32minfo[39m: [32mListening on port: 3000[39m
2022-04-22 22:25:30:2530 [35mhttp[39m: [35mGET all users[39m
2022-04-22 22:25:30:2530 [32minfo[39m: [32mGetting all users from the database[39m
2022-04-22 22:25:32:2532 [35mhttp[39m: [35mGET all users[39m
2022-04-22 22:25:32:2532 [32minfo[39m: [32mGetting all users from the database[39m
2022-04-22 22:25:46:2546 [35mhttp[39m: [35mGET all users[39m
2022-04-22 22:25:46:2546 [32minfo[39m: [32mGetting all users from the database[39m
2022-04-22 22:28:44:2844 [35mhttp[39m: [35mGET all users[39m
2022-04-22 22:28:44:2844 [32minfo[39m: [32mGetting all users from the database[39m
2022-04-22 22:28:48:2848 [35mhttp[39m: [35mGET all users[39m
2022-04-22 22:28:48:2848 [32minfo[39m: [32mGetting all users from the database[39m
2022-04-22 22:29:58:2958 [35mhttp[39m: [35mGET all users[39m
2022-04-22 22:29:58:2958 [32minfo[39m: [32mGetting all users from the database[39m
2022-04-22 22:30:04:304 [35mhttp[39m: [35mGET all users[39m
2022-04-22 22:30:04:304 [32minfo[39m: [32mGetting all users from the database[39m
2022-04-22 22:31:43:3143 [35mhttp[39m: [35mGET all users[39m
2022-04-22 22:31:43:3143 [32minfo[39m: [32mGetting all users from the database[39m
2022-04-22 22:31:48:3148 [35mhttp[39m: [35mGET all users[39m
2022-04-22 22:31:48:3148 [32minfo[39m: [32mGetting all users from the database[39m
2022-04-22 22:35:31:3531 [35mhttp[39m: [35mGET all users[39m
2022-04-22 22:35:31:3531 [32minfo[39m: [32mGetting all users from the database[39m
2022-04-22 22:35:35:3535 [35mhttp[39m: [35mPOST create a user with username: Ted Yang[39m
2022-04-22 22:35:35:3535 [32minfo[39m: [32mAdding user Ted Yang to the database[39m
2022-04-22 22:35:35:3535 [35mhttp[39m: [35mGET all users[39m
2022-04-22 22:35:35:3535 [32minfo[39m: [32mGetting all users from the database[39m
2022-04-22 22:35:44:3544 [35mhttp[39m: [35mPOST create a user with username: Andy[39m
2022-04-22 22:35:44:3544 [32minfo[39m: [32mAdding user Andy to the database[39m
2022-04-22 22:35:44:3544 [35mhttp[39m: [35mGET all users[39m
2022-04-22 22:35:44:3544 [32minfo[39m: [32mGetting all users from the database[39m
2022-04-22 22:36:54:3654 [35mhttp[39m: [35mGET all users[39m
2022-04-22 22:36:54:3654 [32minfo[39m: [32mGetting all users from the database[39m
2022-04-22 22:38:56:3856 [35mhttp[39m: [35mGET all users[39m
2022-04-22 22:38:56:3856 [32minfo[39m: [32mGetting all users from the database[39m
2022-04-22 22:39:04:394 [35mhttp[39m: [35mDELETE single user id: 5[39m
2022-04-22 22:39:04:394 [32minfo[39m: [32mGetting user 5 from the database[39m
2022-04-22 22:39:04:394 [32minfo[39m: [32mDeleting user 5[39m
2022-04-22 22:39:09:399 [35mhttp[39m: [35mPOST create a user with username: Andy[39m
2022-04-22 22:39:09:399 [32minfo[39m: [32mAdding user Andy to the database[39m
2022-04-22 22:39:09:399 [35mhttp[39m: [35mGET all users[39m
2022-04-22 22:39:09:399 [32minfo[39m: [32mGetting all users from the database[39m
2022-04-22 22:39:16:3916 [35mhttp[39m: [35mPOST create a user with username: SomeOne Else[39m
2022-04-22 22:39:16:3916 [32minfo[39m: [32mAdding user SomeOne Else to the database[39m
2022-04-22 22:39:17:3917 [35mhttp[39m: [35mGET all users[39m
2022-04-22 22:39:17:3917 [32minfo[39m: [32mGetting all users from the database[39m
2022-04-22 22:39:18:3918 [35mhttp[39m: [35mDELETE single user id: 7[39m
2022-04-22 22:39:18:3918 [32minfo[39m: [32mGetting user 7 from the database[39m
2022-04-22 22:39:18:3918 [32minfo[39m: [32mDeleting user 7[39m
2022-04-22 22:39:19:3919 [35mhttp[39m: [35mDELETE single user id: 6[39m
2022-04-22 22:39:19:3919 [32minfo[39m: [32mGetting user 6 from the database[39m
2022-04-22 22:39:19:3919 [32minfo[39m: [32mDeleting user 6[39m
2022-04-22 22:39:20:3920 [35mhttp[39m: [35mDELETE single user id: 4[39m
2022-04-22 22:39:20:3920 [32minfo[39m: [32mGetting user 4 from the database[39m
2022-04-22 22:39:20:3920 [32minfo[39m: [32mDeleting user 4[39m
2022-04-22 22:39:28:3928 [35mhttp[39m: [35mPOST create a user with username: Ted Yang[39m
2022-04-22 22:39:28:3928 [32minfo[39m: [32mAdding user Ted Yang to the database[39m
2022-04-22 22:39:29:3929 [35mhttp[39m: [35mGET all users[39m
2022-04-22 22:39:29:3929 [32minfo[39m: [32mGetting all users from the database[39m
2022-04-22 22:39:41:3941 [35mhttp[39m: [35mPOST create a user with username: Andy Holmes[39m
2022-04-22 22:39:41:3941 [32minfo[39m: [32mAdding user Andy Holmes to the database[39m
2022-04-22 22:39:41:3941 [35mhttp[39m: [35mGET all users[39m
2022-04-22 22:39:41:3941 [32minfo[39m: [32mGetting all users from the database[39m
2022-04-22 22:39:46:3946 [35mhttp[39m: [35mPOST create a user with username: Another User[39m
2022-04-22 22:39:46:3946 [32minfo[39m: [32mAdding user Another User to the database[39m
2022-04-22 22:39:46:3946 [35mhttp[39m: [35mGET all users[39m
2022-04-22 22:39:46:3946 [32minfo[39m: [32mGetting all users from the database[39m
2022-04-22 22:40:00:400 [35mhttp[39m: [35mPOST create a user with username: Delete User[39m
2022-04-22 22:40:00:400 [32minfo[39m: [32mAdding user Delete User to the database[39m
2022-04-22 22:40:00:400 [35mhttp[39m: [35mGET all users[39m
2022-04-22 22:40:00:400 [32minfo[39m: [32mGetting all users from the database[39m
2022-04-22 22:40:01:401 [35mhttp[39m: [35mDELETE single user id: 11[39m
2022-04-22 22:40:01:401 [32minfo[39m: [32mGetting user 11 from the database[39m
2022-04-22 22:40:01:401 [32minfo[39m: [32mDeleting user 11[39m
2022-04-22 22:40:10:4010 [35mhttp[39m: [35mDELETE single user id: 10[39m
2022-04-22 22:40:10:4010 [32minfo[39m: [32mGetting user 10 from the database[39m
2022-04-22 22:40:10:4010 [32minfo[39m: [32mDeleting user 10[39m
2022-04-22 22:40:15:4015 [35mhttp[39m: [35mPOST create a user with username: Another User[39m
2022-04-22 22:40:15:4015 [32minfo[39m: [32mAdding user Another User to the database[39m
2022-04-22 22:40:15:4015 [35mhttp[39m: [35mGET all users[39m
2022-04-22 22:40:15:4015 [32minfo[39m: [32mGetting all users from the database[39m
2022-04-22 22:41:48:4148 [35mhttp[39m: [35mGET all users[39m
2022-04-22 22:41:48:4148 [32minfo[39m: [32mGetting all users from the database[39m
2022-04-22 22:41:51:4151 [35mhttp[39m: [35mDELETE single user id: 12[39m
2022-04-22 22:41:51:4151 [32minfo[39m: [32mGetting user 12 from the database[39m
2022-04-22 22:41:51:4151 [32minfo[39m: [32mDeleting user 12[39m
2022-04-22 22:41:56:4156 [35mhttp[39m: [35mPOST create a user with username: Another User[39m
2022-04-22 22:41:56:4156 [32minfo[39m: [32mAdding user Another User to the database[39m
2022-04-22 22:41:56:4156 [35mhttp[39m: [35mGET all users[39m
2022-04-22 22:41:56:4156 [32minfo[39m: [32mGetting all users from the database[39m
2022-04-22 22:44:53:4453 [35mhttp[39m: [35mGET all users[39m
2022-04-22 22:44:53:4453 [32minfo[39m: [32mGetting all users from the database[39m
2022-04-22 22:44:54:4454 [35mhttp[39m: [35mPATCH single user id: 13[39m
2022-04-22 22:44:54:4454 [32minfo[39m: [32mGetting user 13 from the database[39m
2022-04-22 22:44:54:4454 [32minfo[39m: [32mUpdating user 13 to undefined[39m
2022-04-22 22:44:55:4455 [35mhttp[39m: [35mPATCH single user id: 13[39m
2022-04-22 22:44:55:4455 [32minfo[39m: [32mGetting user 13 from the database[39m
2022-04-22 22:44:55:4455 [32minfo[39m: [32mUpdating user 13 to undefined[39m
2022-04-22 22:44:56:4456 [35mhttp[39m: [35mDELETE single user id: 13[39m
2022-04-22 22:44:56:4456 [32minfo[39m: [32mGetting user 13 from the database[39m
2022-04-22 22:44:57:4457 [32minfo[39m: [32mDeleting user 13[39m
2022-04-22 22:45:05:455 [35mhttp[39m: [35mPOST create a user with username: Another User[39m
2022-04-22 22:45:05:455 [32minfo[39m: [32mAdding user Another User to the database[39m
2022-04-22 22:45:05:455 [35mhttp[39m: [35mGET all users[39m
2022-04-22 22:45:05:455 [32minfo[39m: [32mGetting all users from the database[39m
2022-04-22 22:53:04:534 [35mhttp[39m: [35mGET all users[39m
2022-04-22 22:53:04:534 [32minfo[39m: [32mGetting all users from the database[39m
2022-04-22 22:53:56:5356 [35mhttp[39m: [35mGET all users[39m
2022-04-22 22:53:56:5356 [32minfo[39m: [32mGetting all users from the database[39m
2022-04-22 22:54:24:5424 [35mhttp[39m: [35mGET all users[39m
2022-04-22 22:54:24:5424 [32minfo[39m: [32mGetting all users from the database[39m
2022-04-22 22:55:29:5529 [35mhttp[39m: [35mGET all users[39m
2022-04-22 22:55:29:5529 [32minfo[39m: [32mGetting all users from the database[39m
2022-04-22 22:57:30:5730 [35mhttp[39m: [35mGET all users[39m
2022-04-22 22:57:30:5730 [32minfo[39m: [32mGetting all users from the database[39m
2022-04-22 22:57:41:5741 [35mhttp[39m: [35mGET all users[39m
2022-04-22 22:57:41:5741 [32minfo[39m: [32mGetting all users from the database[39m
2022-04-22 23:01:19:119 [35mhttp[39m: [35mGET all users[39m
2022-04-22 23:01:19:119 [32minfo[39m: [32mGetting all users from the database[39m
2022-04-22 23:01:48:148 [35mhttp[39m: [35mGET all users[39m
2022-04-22 23:01:48:148 [32minfo[39m: [32mGetting all users from the database[39m
2022-04-22 23:02:27:227 [35mhttp[39m: [35mGET all users[39m
2022-04-22 23:02:27:227 [32minfo[39m: [32mGetting all users from the database[39m
2022-04-22 23:02:29:229 [35mhttp[39m: [35mGET all users[39m
2022-04-22 23:02:29:229 [32minfo[39m: [32mGetting all users from the database[39m
2022-04-22 23:03:48:348 [35mhttp[39m: [35mGET all users[39m
2022-04-22 23:03:48:348 [32minfo[39m: [32mGetting all users from the database[39m
2022-04-22 23:04:34:434 [35mhttp[39m: [35mGET all users[39m
2022-04-22 23:04:34:434 [32minfo[39m: [32mGetting all users from the database[39m
2022-04-22 23:05:10:510 [35mhttp[39m: [35mGET all users[39m
2022-04-22 23:05:10:510 [32minfo[39m: [32mGetting all users from the database[39m
2022-04-22 23:05:18:518 [35mhttp[39m: [35mGET all users[39m
2022-04-22 23:05:18:518 [32minfo[39m: [32mGetting all users from the database[39m
2022-04-22 23:05:19:519 [35mhttp[39m: [35mGET all users[39m
2022-04-22 23:05:19:519 [32minfo[39m: [32mGetting all users from the database[39m
2022-04-22 23:11:01:111 [35mhttp[39m: [35mGET all users[39m
2022-04-22 23:11:01:111 [32minfo[39m: [32mGetting all users from the database[39m
2022-04-22 23:11:21:1121 [35mhttp[39m: [35mGET all users[39m
2022-04-22 23:11:21:1121 [32minfo[39m: [32mGetting all users from the database[39m
2022-04-22 23:11:46:1146 [35mhttp[39m: [35mGET all users[39m
2022-04-22 23:11:46:1146 [32minfo[39m: [32mGetting all users from the database[39m
2022-04-22 23:12:09:129 [35mhttp[39m: [35mGET all users[39m
2022-04-22 23:12:09:129 [32minfo[39m: [32mGetting all users from the database[39m
2022-04-22 23:12:14:1214 [35mhttp[39m: [35mPATCH single user id: undefined[39m
2022-04-22 23:12:14:1214 [32minfo[39m: [32mGetting user NaN from the database[39m
2022-04-22 23:12:14:1214 [35mhttp[39m: [35mGET all users[39m
2022-04-22 23:12:14:1214 [32minfo[39m: [32mGetting all users from the database[39m
2022-04-22 23:13:19:1319 [35mhttp[39m: [35mGET all users[39m
2022-04-22 23:13:19:1319 [32minfo[39m: [32mGetting all users from the database[39m
2022-04-22 23:13:19:1319 [35mhttp[39m: [35mPATCH single user id: 3[39m
2022-04-22 23:13:19:1319 [32minfo[39m: [32mGetting user 3 from the database[39m
2022-04-22 23:13:19:1319 [35mhttp[39m: [35mPATCH single user id: 8[39m
2022-04-22 23:13:19:1319 [32minfo[39m: [32mGetting user 8 from the database[39m
2022-04-22 23:13:19:1319 [35mhttp[39m: [35mPATCH single user id: 9[39m
2022-04-22 23:13:19:1319 [32minfo[39m: [32mGetting user 9 from the database[39m
2022-04-22 23:13:19:1319 [35mhttp[39m: [35mPATCH single user id: 14[39m
2022-04-22 23:13:19:1319 [32minfo[39m: [32mGetting user 14 from the database[39m
2022-04-22 23:13:19:1319 [32minfo[39m: [32mUpdating user 3 to undefined[39m
2022-04-22 23:13:19:1319 [32minfo[39m: [32mUpdating user 8 to undefined[39m
2022-04-22 23:13:19:1319 [32minfo[39m: [32mUpdating user 9 to undefined[39m
2022-04-22 23:13:19:1319 [32minfo[39m: [32mUpdating user 14 to undefined[39m
2022-04-22 23:13:26:1326 [35mhttp[39m: [35mGET all users[39m
2022-04-22 23:13:26:1326 [32minfo[39m: [32mGetting all users from the database[39m
2022-04-22 23:13:26:1326 [35mhttp[39m: [35mPATCH single user id: 3[39m
2022-04-22 23:13:26:1326 [32minfo[39m: [32mGetting user 3 from the database[39m
2022-04-22 23:13:27:1327 [35mhttp[39m: [35mPATCH single user id: 8[39m
2022-04-22 23:13:27:1327 [32minfo[39m: [32mGetting user 8 from the database[39m
2022-04-22 23:13:27:1327 [35mhttp[39m: [35mPATCH single user id: 9[39m
2022-04-22 23:13:27:1327 [32minfo[39m: [32mGetting user 9 from the database[39m
2022-04-22 23:13:27:1327 [35mhttp[39m: [35mPATCH single user id: 14[39m
2022-04-22 23:13:27:1327 [32minfo[39m: [32mGetting user 14 from the database[39m
2022-04-22 23:13:27:1327 [32minfo[39m: [32mUpdating user 3 to undefined[39m
2022-04-22 23:13:27:1327 [32minfo[39m: [32mUpdating user 9 to undefined[39m
2022-04-22 23:13:27:1327 [32minfo[39m: [32mUpdating user 14 to undefined[39m
2022-04-22 23:13:27:1327 [32minfo[39m: [32mUpdating user 8 to undefined[39m
2022-04-22 23:13:27:1327 [35mhttp[39m: [35mGET all users[39m
2022-04-22 23:13:27:1327 [32minfo[39m: [32mGetting all users from the database[39m
2022-04-22 23:13:32:1332 [35mhttp[39m: [35mGET all users[39m
2022-04-22 23:13:32:1332 [32minfo[39m: [32mGetting all users from the database[39m
2022-04-22 23:18:02:182 [35mhttp[39m: [35mGET all users[39m
2022-04-22 23:18:02:182 [32minfo[39m: [32mGetting all users from the database[39m
2022-04-22 23:18:11:1811 [35mhttp[39m: [35mPOST create a user with username: Zahid khan[39m
2022-04-22 23:18:11:1811 [32minfo[39m: [32mAdding user Zahid khan to the database[39m
2022-04-22 23:18:11:1811 [35mhttp[39m: [35mGET all users[39m
2022-04-22 23:18:11:1811 [32minfo[39m: [32mGetting all users from the database[39m
2022-04-22 23:18:32:1832 [35mhttp[39m: [35mGET all users[39m
2022-04-22 23:18:32:1832 [32minfo[39m: [32mGetting all users from the database[39m
2022-04-22 23:18:36:1836 [35mhttp[39m: [35mGET all users[39m
2022-04-22 23:18:36:1836 [32minfo[39m: [32mGetting all users from the database[39m
2022-04-22 23:18:58:1858 [35mhttp[39m: [35mGET all users[39m
2022-04-22 23:18:58:1858 [32minfo[39m: [32mGetting all users from the database[39m
2022-04-22 23:19:15:1915 [35mhttp[39m: [35mGET all users[39m
2022-04-22 23:19:15:1915 [32minfo[39m: [32mGetting all users from the database[39m
2022-04-22 23:19:17:1917 [35mhttp[39m: [35mGET all users[39m
2022-04-22 23:19:17:1917 [32minfo[39m: [32mGetting all users from the database[39m
2022-04-22 23:19:18:1918 [35mhttp[39m: [35mGET all users[39m
2022-04-22 23:19:18:1918 [32minfo[39m: [32mGetting all users from the database[39m
2022-04-22 23:19:30:1930 [35mhttp[39m: [35mGET all users[39m
2022-04-22 23:19:30:1930 [32minfo[39m: [32mGetting all users from the database[39m
2022-04-22 23:19:32:1932 [35mhttp[39m: [35mGET all users[39m
2022-04-22 23:19:32:1932 [32minfo[39m: [32mGetting all users from the database[39m
2022-04-22 23:19:50:1950 [35mhttp[39m: [35mGET all users[39m
2022-04-22 23:19:50:1950 [32minfo[39m: [32mGetting all users from the database[39m
2022-04-22 23:19:52:1952 [35mhttp[39m: [35mGET all users[39m
2022-04-22 23:19:52:1952 [32minfo[39m: [32mGetting all users from the database[39m
2022-04-22 23:20:08:208 [35mhttp[39m: [35mGET all users[39m
2022-04-22 23:20:08:208 [32minfo[39m: [32mGetting all users from the database[39m
2022-04-22 23:20:32:2032 [35mhttp[39m: [35mGET all users[39m
2022-04-22 23:20:32:2032 [32minfo[39m: [32mGetting all users from the database[39m
2022-04-22 23:20:41:2041 [35mhttp[39m: [35mGET all users[39m
2022-04-22 23:20:41:2041 [32minfo[39m: [32mGetting all users from the database[39m
2022-04-22 23:20:42:2042 [35mhttp[39m: [35mGET all users[39m
2022-04-22 23:20:42:2042 [32minfo[39m: [32mGetting all users from the database[39m
2022-04-22 23:21:36:2136 [35mhttp[39m: [35mGET all users[39m
2022-04-22 23:21:36:2136 [32minfo[39m: [32mGetting all users from the database[39m
2022-04-22 23:21:38:2138 [35mhttp[39m: [35mGET all users[39m
2022-04-22 23:21:38:2138 [32minfo[39m: [32mGetting all users from the database[39m
2022-04-22 23:21:42:2142 [35mhttp[39m: [35mGET all users[39m
2022-04-22 23:21:42:2142 [32minfo[39m: [32mGetting all users from the database[39m
2022-04-22 23:23:24:2324 [35mhttp[39m: [35mGET all users[39m
2022-04-22 23:23:24:2324 [32minfo[39m: [32mGetting all users from the database[39m
2022-04-22 23:23:48:2348 [32minfo[39m: [32mSuccessfully connected to database[39m
2022-04-22 23:23:48:2348 [32minfo[39m: [32mListening on port: 3000[39m
2022-04-22 23:23:54:2354 [35mhttp[39m: [35mGET all users[39m
2022-04-22 23:23:54:2354 [32minfo[39m: [32mGetting all users from the database[39m
2022-04-22 23:24:36:2436 [35mhttp[39m: [35mGET all users[39m
2022-04-22 23:24:36:2436 [32minfo[39m: [32mGetting all users from the database[39m
2022-04-22 23:25:02:252 [35mhttp[39m: [35mGET all users[39m
2022-04-22 23:25:02:252 [32minfo[39m: [32mGetting all users from the database[39m
2022-04-22 23:25:23:2523 [35mhttp[39m: [35mGET all users[39m
2022-04-22 23:25:23:2523 [32minfo[39m: [32mGetting all users from the database[39m
2022-04-22 23:25:29:2529 [35mhttp[39m: [35mGET all users[39m
2022-04-22 23:25:29:2529 [32minfo[39m: [32mGetting all users from the database[39m
2022-04-22 23:25:37:2537 [35mhttp[39m: [35mGET all users[39m
2022-04-22 23:25:37:2537 [32minfo[39m: [32mGetting all users from the database[39m
2022-04-22 23:25:58:2558 [35mhttp[39m: [35mGET all users[39m
2022-04-22 23:25:58:2558 [32minfo[39m: [32mGetting all users from the database[39m
2022-04-22 23:26:23:2623 [35mhttp[39m: [35mGET all users[39m
2022-04-22 23:26:23:2623 [32minfo[39m: [32mGetting all users from the database[39m
2022-04-22 23:26:35:2635 [35mhttp[39m: [35mGET all users[39m
2022-04-22 23:26:35:2635 [32minfo[39m: [32mGetting all users from the database[39m
2022-04-22 23:27:39:2739 [35mhttp[39m: [35mGET all users[39m
2022-04-22 23:27:39:2739 [32minfo[39m: [32mGetting all users from the database[39m
2022-04-22 23:28:33:2833 [35mhttp[39m: [35mGET all users[39m
2022-04-22 23:28:33:2833 [32minfo[39m: [32mGetting all users from the database[39m
2022-04-22 23:29:23:2923 [35mhttp[39m: [35mGET all users[39m
2022-04-22 23:29:23:2923 [32minfo[39m: [32mGetting all users from the database[39m
2022-04-22 23:30:10:3010 [35mhttp[39m: [35mGET all users[39m
2022-04-22 23:30:10:3010 [32minfo[39m: [32mGetting all users from the database[39m
2022-04-22 23:30:22:3022 [35mhttp[39m: [35mGET all users[39m
2022-04-22 23:30:22:3022 [32minfo[39m: [32mGetting all users from the database[39m
2022-04-22 23:31:02:312 [35mhttp[39m: [35mGET all users[39m
2022-04-22 23:31:02:312 [32minfo[39m: [32mGetting all users from the database[39m
2022-04-22 23:31:09:319 [35mhttp[39m: [35mGET all users[39m
2022-04-22 23:31:09:319 [32minfo[39m: [32mGetting all users from the database[39m
2022-04-22 23:31:19:3119 [35mhttp[39m: [35mGET all users[39m
2022-04-22 23:31:19:3119 [32minfo[39m: [32mGetting all users from the database[39m
2022-04-22 23:31:56:3156 [35mhttp[39m: [35mGET all users[39m
2022-04-22 23:31:56:3156 [32minfo[39m: [32mGetting all users from the database[39m
2022-04-22 23:32:22:3222 [35mhttp[39m: [35mGET all users[39m
2022-04-22 23:32:22:3222 [32minfo[39m: [32mGetting all users from the database[39m
2022-04-22 23:33:01:331 [35mhttp[39m: [35mGET all users[39m
2022-04-22 23:33:01:331 [32minfo[39m: [32mGetting all users from the database[39m
2022-04-22 23:33:16:3316 [35mhttp[39m: [35mGET all users[39m
2022-04-22 23:33:16:3316 [32minfo[39m: [32mGetting all users from the database[39m
2022-04-22 23:33:27:3327 [35mhttp[39m: [35mGET all users[39m
2022-04-22 23:33:27:3327 [32minfo[39m: [32mGetting all users from the database[39m
2022-04-22 23:34:42:3442 [35mhttp[39m: [35mGET all users[39m
2022-04-22 23:34:42:3442 [32minfo[39m: [32mGetting all users from the database[39m
2022-04-22 23:34:47:3447 [35mhttp[39m: [35mPOST create a user with username: What[39m
2022-04-22 23:34:47:3447 [32minfo[39m: [32mAdding user What to the database[39m
2022-04-22 23:34:48:3448 [35mhttp[39m: [35mGET all users[39m
2022-04-22 23:34:48:3448 [32minfo[39m: [32mGetting all users from the database[39m
2022-04-22 23:34:49:3449 [35mhttp[39m: [35mDELETE single user id: 15[39m
2022-04-22 23:34:49:3449 [32minfo[39m: [32mGetting user 15 from the database[39m
2022-04-22 23:34:49:3449 [32minfo[39m: [32mDeleting user 15[39m
2022-04-22 23:34:54:3454 [35mhttp[39m: [35mGET all users[39m
2022-04-22 23:34:54:3454 [32minfo[39m: [32mGetting all users from the database[39m
2022-04-22 23:36:11:3611 [35mhttp[39m: [35mPATCH single user id: [object Object][39m
2022-04-22 23:36:11:3611 [32minfo[39m: [32mGetting user NaN from the database[39m
2022-04-22 23:36:12:3612 [35mhttp[39m: [35mGET all users[39m
2022-04-22 23:36:12:3612 [32minfo[39m: [32mGetting all users from the database[39m
2022-04-22 23:36:22:3622 [35mhttp[39m: [35mPATCH single user id: [object Object][39m
2022-04-22 23:36:22:3622 [32minfo[39m: [32mGetting user NaN from the database[39m
2022-04-22 23:36:23:3623 [35mhttp[39m: [35mGET all users[39m
2022-04-22 23:36:23:3623 [32minfo[39m: [32mGetting all users from the database[39m
2022-04-22 23:36:37:3637 [35mhttp[39m: [35mPOST create a user with username: Test[39m
2022-04-22 23:36:37:3637 [32minfo[39m: [32mAdding user Test to the database[39m
2022-04-22 23:36:37:3637 [35mhttp[39m: [35mGET all users[39m
2022-04-22 23:36:37:3637 [32minfo[39m: [32mGetting all users from the database[39m
2022-04-22 23:36:43:3643 [35mhttp[39m: [35mPATCH single user id: [object Object][39m
2022-04-22 23:36:43:3643 [32minfo[39m: [32mGetting user NaN from the database[39m
2022-04-22 23:36:43:3643 [35mhttp[39m: [35mGET all users[39m
2022-04-22 23:36:43:3643 [32minfo[39m: [32mGetting all users from the database[39m
2022-04-22 23:37:29:3729 [35mhttp[39m: [35mGET all users[39m
2022-04-22 23:37:29:3729 [32minfo[39m: [32mGetting all users from the database[39m
2022-04-22 23:37:34:3734 [35mhttp[39m: [35mGET all users[39m
2022-04-22 23:37:34:3734 [32minfo[39m: [32mGetting all users from the database[39m
2022-04-22 23:38:16:3816 [35mhttp[39m: [35mGET all users[39m
2022-04-22 23:38:16:3816 [32minfo[39m: [32mGetting all users from the database[39m
2022-04-22 23:40:09:409 [35mhttp[39m: [35mGET all users[39m
2022-04-22 23:40:09:409 [32minfo[39m: [32mGetting all users from the database[39m
2022-04-22 23:40:15:4015 [35mhttp[39m: [35mPATCH single user id: undefined[39m
2022-04-22 23:40:15:4015 [32minfo[39m: [32mGetting user NaN from the database[39m
2022-04-22 23:40:15:4015 [35mhttp[39m: [35mGET all users[39m
2022-04-22 23:40:15:4015 [32minfo[39m: [32mGetting all users from the database[39m
2022-04-22 23:41:01:411 [35mhttp[39m: [35mGET all users[39m
2022-04-22 23:41:01:411 [32minfo[39m: [32mGetting all users from the database[39m
2022-04-22 23:41:05:415 [35mhttp[39m: [35mPATCH single user id: undefined[39m
2022-04-22 23:41:05:415 [32minfo[39m: [32mGetting user NaN from the database[39m
2022-04-22 23:41:06:416 [35mhttp[39m: [35mGET all users[39m
2022-04-22 23:41:06:416 [32minfo[39m: [32mGetting all users from the database[39m
2022-04-22 23:41:24:4124 [35mhttp[39m: [35mGET all users[39m
2022-04-22 23:41:24:4124 [32minfo[39m: [32mGetting all users from the database[39m
2022-04-22 23:41:36:4136 [35mhttp[39m: [35mGET all users[39m
2022-04-22 23:41:36:4136 [32minfo[39m: [32mGetting all users from the database[39m
2022-04-22 23:42:40:4240 [35mhttp[39m: [35mGET all users[39m
2022-04-22 23:42:40:4240 [32minfo[39m: [32mGetting all users from the database[39m
2022-04-22 23:42:51:4251 [35mhttp[39m: [35mGET all users[39m
2022-04-22 23:42:51:4251 [32minfo[39m: [32mGetting all users from the database[39m
2022-04-22 23:43:57:4357 [35mhttp[39m: [35mGET all users[39m
2022-04-22 23:43:57:4357 [32minfo[39m: [32mGetting all users from the database[39m
2022-04-22 23:44:13:4413 [35mhttp[39m: [35mGET all users[39m
2022-04-22 23:44:13:4413 [32minfo[39m: [32mGetting all users from the database[39m
2022-04-22 23:44:21:4421 [35mhttp[39m: [35mPATCH single user id: undefined[39m
2022-04-22 23:44:21:4421 [32minfo[39m: [32mGetting user NaN from the database[39m
2022-04-22 23:44:22:4422 [35mhttp[39m: [35mGET all users[39m
2022-04-22 23:44:22:4422 [32minfo[39m: [32mGetting all users from the database[39m
2022-04-22 23:49:39:4939 [35mhttp[39m: [35mGET all users[39m
2022-04-22 23:49:39:4939 [32minfo[39m: [32mGetting all users from the database[39m
2022-04-22 23:49:45:4945 [35mhttp[39m: [35mGET all users[39m
2022-04-22 23:49:45:4945 [32minfo[39m: [32mGetting all users from the database[39m
2022-04-22 23:50:02:502 [35mhttp[39m: [35mGET all users[39m
2022-04-22 23:50:02:502 [32minfo[39m: [32mGetting all users from the database[39m
2022-04-22 23:50:33:5033 [35mhttp[39m: [35mGET all users[39m
2022-04-22 23:50:33:5033 [32minfo[39m: [32mGetting all users from the database[39m
2022-04-22 23:50:39:5039 [35mhttp[39m: [35mPATCH single user id: 16[39m
2022-04-22 23:50:39:5039 [32minfo[39m: [32mGetting user 16 from the database[39m
2022-04-22 23:50:39:5039 [32minfo[39m: [32mUpdating user 16 to Test NOT[39m
2022-04-22 23:50:39:5039 [35mhttp[39m: [35mGET all users[39m
2022-04-22 23:50:39:5039 [32minfo[39m: [32mGetting all users from the database[39m
2022-04-22 23:51:30:5130 [35mhttp[39m: [35mGET all users[39m
2022-04-22 23:51:30:5130 [32minfo[39m: [32mGetting all users from the database[39m
2022-04-22 23:51:38:5138 [35mhttp[39m: [35mGET all users[39m
2022-04-22 23:51:38:5138 [32minfo[39m: [32mGetting all users from the database[39m
2022-04-22 23:55:08:558 [35mhttp[39m: [35mGET all users[39m
2022-04-22 23:55:08:558 [32minfo[39m: [32mGetting all users from the database[39m
2022-04-22 23:55:41:5541 [35mhttp[39m: [35mGET all users[39m
2022-04-22 23:55:41:5541 [32minfo[39m: [32mGetting all users from the database[39m
2022-04-22 23:55:48:5548 [35mhttp[39m: [35mGET all users[39m
2022-04-22 23:55:48:5548 [32minfo[39m: [32mGetting all users from the database[39m
2022-04-22 23:55:48:5548 [35mhttp[39m: [35mGET all users[39m
2022-04-22 23:55:48:5548 [32minfo[39m: [32mGetting all users from the database[39m
2022-04-22 23:55:49:5549 [35mhttp[39m: [35mGET all users[39m
2022-04-22 23:55:49:5549 [32minfo[39m: [32mGetting all users from the database[39m
2022-04-22 23:55:49:5549 [35mhttp[39m: [35mGET all users[39m
2022-04-22 23:55:49:5549 [32minfo[39m: [32mGetting all users from the database[39m
2022-04-22 23:55:50:5550 [35mhttp[39m: [35mGET all users[39m
2022-04-22 23:55:50:5550 [32minfo[39m: [32mGetting all users from the database[39m
2022-04-22 23:55:50:5550 [35mhttp[39m: [35mGET all users[39m
2022-04-22 23:55:50:5550 [32minfo[39m: [32mGetting all users from the database[39m
2022-04-22 23:55:58:5558 [35mhttp[39m: [35mPOST create a user with username: TEST[39m
2022-04-22 23:55:58:5558 [32minfo[39m: [32mAdding user TEST to the database[39m
2022-04-22 23:55:59:5559 [35mhttp[39m: [35mGET all users[39m
2022-04-22 23:55:59:5559 [32minfo[39m: [32mGetting all users from the database[39m
2022-04-22 23:56:00:560 [35mhttp[39m: [35mDELETE single user id: 17[39m
2022-04-22 23:56:00:560 [32minfo[39m: [32mGetting user 17 from the database[39m
2022-04-22 23:56:00:560 [32minfo[39m: [32mDeleting user 17[39m
2022-04-22 23:59:03:593 [35mhttp[39m: [35mGET all users[39m
2022-04-22 23:59:03:593 [32minfo[39m: [32mGetting all users from the database[39m
2022-04-22 23:59:08:598 [35mhttp[39m: [35mPATCH single user id: 16[39m
2022-04-22 23:59:08:598 [32minfo[39m: [32mGetting user 16 from the database[39m
2022-04-22 23:59:08:598 [32minfo[39m: [32mUpdating user 16 to Test[39m
2022-04-22 23:59:08:598 [35mhttp[39m: [35mGET all users[39m
2022-04-22 23:59:08:598 [32minfo[39m: [32mGetting all users from the database[39m
2022-04-22 23:59:27:5927 [35mhttp[39m: [35mGET all users[39m
2022-04-22 23:59:27:5927 [32minfo[39m: [32mGetting all users from the database[39m
2022-04-22 23:59:46:5946 [35mhttp[39m: [35mPATCH single user id: 16[39m
2022-04-22 23:59:46:5946 [32minfo[39m: [32mGetting user 16 from the database[39m
2022-04-22 23:59:46:5946 [32minfo[39m: [32mUpdating user 16 to Test NOT[39m
2022-04-22 23:59:47:5947 [35mhttp[39m: [35mGET all users[39m
2022-04-22 23:59:47:5947 [32minfo[39m: [32mGetting all users from the database[39m
2022-04-22 23:59:57:5957 [35mhttp[39m: [35mPATCH single user id: 16[39m
2022-04-22 23:59:57:5957 [32minfo[39m: [32mGetting user 16 from the database[39m
2022-04-22 23:59:57:5957 [32minfo[39m: [32mUpdating user 16 to Test[39m
2022-04-22 23:59:57:5957 [35mhttp[39m: [35mGET all users[39m
2022-04-22 23:59:57:5957 [32minfo[39m: [32mGetting all users from the database[39m
2022-04-23 00:00:05:05 [35mhttp[39m: [35mPATCH single user id: 16[39m
2022-04-23 00:00:05:05 [32minfo[39m: [32mGetting user 16 from the database[39m
2022-04-23 00:00:05:05 [32minfo[39m: [32mUpdating user 16 to [39m
2022-04-23 00:00:05:05 [35mhttp[39m: [35mGET all users[39m
2022-04-23 00:00:05:05 [32minfo[39m: [32mGetting all users from the database[39m
2022-04-23 00:00:14:014 [35mhttp[39m: [35mPATCH single user id: 16[39m
2022-04-23 00:00:14:014 [32minfo[39m: [32mGetting user 16 from the database[39m
2022-04-23 00:00:14:014 [32minfo[39m: [32mUpdating user 16 to Test[39m
2022-04-23 00:00:14:014 [35mhttp[39m: [35mGET all users[39m
2022-04-23 00:00:14:014 [32minfo[39m: [32mGetting all users from the database[39m
2022-04-23 00:00:20:020 [35mhttp[39m: [35mPOST create a user with username: New Test[39m
2022-04-23 00:00:20:020 [32minfo[39m: [32mAdding user New Test to the database[39m
2022-04-23 00:00:20:020 [35mhttp[39m: [35mGET all users[39m
2022-04-23 00:00:20:020 [32minfo[39m: [32mGetting all users from the database[39m
2022-04-23 00:00:22:022 [35mhttp[39m: [35mDELETE single user id: 16[39m
2022-04-23 00:00:22:022 [32minfo[39m: [32mGetting user 16 from the database[39m
2022-04-23 00:00:22:022 [32minfo[39m: [32mDeleting user 16[39m
2022-04-23 00:00:26:026 [35mhttp[39m: [35mPATCH single user id: 18[39m
2022-04-23 00:00:26:026 [32minfo[39m: [32mGetting user 18 from the database[39m
2022-04-23 00:00:26:026 [32minfo[39m: [32mUpdating user 18 to [39m
2022-04-23 00:00:27:027 [35mhttp[39m: [35mGET all users[39m
2022-04-23 00:00:27:027 [32minfo[39m: [32mGetting all users from the database[39m
2022-04-23 00:01:23:123 [35mhttp[39m: [35mGET all users[39m
2022-04-23 00:01:23:123 [32minfo[39m: [32mGetting all users from the database[39m
